<?xml version="1.0" encoding="UTF-8"?>
<robot generator="Robot 4.0.2 (Python 3.9.5 on win32)" generated="20210519 09:33:57.853" rpa="false" schemaversion="2">
<suite id="s1" name="SearchRobot" source="C:\Users\laisg\Downloads\DesafioTecnico\tests\SearchRobot.robot">
<test id="s1-t1" name="Cenário 01: Realizar pesquisa no google">
<kw name="Abrir navegador" library="Resource" type="SETUP">
<kw name="Open Browser" library="SeleniumLibrary">
<arg>${URL}</arg>
<arg>${BROWSER}</arg>
<doc>Opens a new browser instance to the optional ``url``.</doc>
<msg timestamp="20210519 09:33:58.560" level="INFO">Opening browser 'chrome' to base url 'https://www.google.com.br/'.</msg>
<status status="PASS" starttime="20210519 09:33:58.559" endtime="20210519 09:34:08.268"/>
</kw>
<status status="PASS" starttime="20210519 09:33:58.558" endtime="20210519 09:34:08.268"/>
</kw>
<kw name="Acessar o Google" library="Resource">
<kw name="Wait Until Element Is Visible" library="SeleniumLibrary">
<arg>name=q</arg>
<doc>Waits until the element ``locator`` is visible.</doc>
<status status="PASS" starttime="20210519 09:34:08.270" endtime="20210519 09:34:08.317"/>
</kw>
<status status="PASS" starttime="20210519 09:34:08.269" endtime="20210519 09:34:08.318"/>
</kw>
<kw name="Realizar busca por &quot;robot framework&quot;" library="Resource" sourcename="Realizar busca por &quot;${TEMA}&quot;">
<kw name="Input Text" library="SeleniumLibrary">
<arg>name=q</arg>
<arg>${TEMA}</arg>
<doc>Types the given ``text`` into the text field identified by ``locator``.</doc>
<msg timestamp="20210519 09:34:08.320" level="INFO">Typing text 'robot framework' into text field 'name=q'.</msg>
<status status="PASS" starttime="20210519 09:34:08.319" endtime="20210519 09:34:08.532"/>
</kw>
<kw name="Wait Until Element Is Visible" library="SeleniumLibrary">
<arg>//*[@class="lJ9FBc"]//*[@name="btnK"]</arg>
<doc>Waits until the element ``locator`` is visible.</doc>
<status status="PASS" starttime="20210519 09:34:08.532" endtime="20210519 09:34:08.881"/>
</kw>
<kw name="Click Button" library="SeleniumLibrary">
<arg>//*[@class="lJ9FBc"]//*[@name="btnK"]</arg>
<doc>Clicks the button identified by ``locator``.</doc>
<msg timestamp="20210519 09:34:08.881" level="INFO">Clicking button '//*[@class="lJ9FBc"]//*[@name="btnK"]'.</msg>
<status status="PASS" starttime="20210519 09:34:08.881" endtime="20210519 09:34:11.726"/>
</kw>
<status status="PASS" starttime="20210519 09:34:08.318" endtime="20210519 09:34:11.727"/>
</kw>
<kw name="Checar se a busca retornou resultados" library="Resource">
<kw name="Page Should Contain Element" library="SeleniumLibrary">
<arg>id=result-stats</arg>
<doc>Verifies that element ``locator`` is found on the current page.</doc>
<msg timestamp="20210519 09:34:11.781" level="INFO">Current page contains element 'id=result-stats'.</msg>
<status status="PASS" starttime="20210519 09:34:11.751" endtime="20210519 09:34:11.781"/>
</kw>
<status status="PASS" starttime="20210519 09:34:11.751" endtime="20210519 09:34:11.782"/>
</kw>
<kw name="Acessar o terceiro resultado" library="Resource">
<kw name="Run Keyword And Return Status" library="BuiltIn">
<var>${STATUS}</var>
<arg>Page Should Contain Element</arg>
<arg>//*[@id="rso"]/div[3]/div/div/div/div[1]/a/h3</arg>
<doc>Runs the given keyword with given arguments and returns the status as a Boolean value.</doc>
<kw name="Page Should Contain Element" library="SeleniumLibrary">
<arg>//*[@id="rso"]/div[3]/div/div/div/div[1]/a/h3</arg>
<doc>Verifies that element ``locator`` is found on the current page.</doc>
<msg timestamp="20210519 09:34:11.811" level="INFO">Current page contains element '//*[@id="rso"]/div[3]/div/div/div/div[1]/a/h3'.</msg>
<status status="PASS" starttime="20210519 09:34:11.785" endtime="20210519 09:34:11.811"/>
</kw>
<msg timestamp="20210519 09:34:11.811" level="INFO">${STATUS} = True</msg>
<status status="PASS" starttime="20210519 09:34:11.784" endtime="20210519 09:34:11.811"/>
</kw>
<kw name="Set Variable If" library="BuiltIn">
<var>${LINK}</var>
<arg>${STATUS}==True</arg>
<arg>//*[@id="rso"]/div[3]/div/div/div/div[1]/a/h3</arg>
<arg>//*[@id="rso"]/div[3]/div/div/div/div/div[2]/div[2]/div[1]/div[2]/div/a/div/div[2]/div[1]/div</arg>
<doc>Sets variable based on the given condition.</doc>
<msg timestamp="20210519 09:34:11.812" level="INFO">${LINK} = //*[@id="rso"]/div[3]/div/div/div/div[1]/a/h3</msg>
<status status="PASS" starttime="20210519 09:34:11.812" endtime="20210519 09:34:11.812"/>
</kw>
<kw name="Click Element" library="SeleniumLibrary">
<arg>${LINK}</arg>
<doc>Click the element identified by ``locator``.</doc>
<msg timestamp="20210519 09:34:11.813" level="INFO">Clicking element '//*[@id="rso"]/div[3]/div/div/div/div[1]/a/h3'.</msg>
<status status="PASS" starttime="20210519 09:34:11.813" endtime="20210519 09:34:21.691"/>
</kw>
<status status="PASS" starttime="20210519 09:34:11.783" endtime="20210519 09:34:21.691"/>
</kw>
<kw name="Verificar se é mostrada a página esperada" library="Resource">
<kw name="Title Should Be" library="SeleniumLibrary">
<arg>Robot Framework</arg>
<doc>Verifies that the current page title equals ``title``.</doc>
<kw name="Capture Page Screenshot" library="SeleniumLibrary">
<doc>Takes a screenshot of the current page and embeds it into a log file.</doc>
<msg timestamp="20210519 09:34:21.900" level="INFO" html="true">&lt;/td&gt;&lt;/tr&gt;&lt;tr&gt;&lt;td colspan="3"&gt;&lt;a href="selenium-screenshot-1.png"&gt;&lt;img src="selenium-screenshot-1.png" width="800px"&gt;&lt;/a&gt;</msg>
<status status="PASS" starttime="20210519 09:34:21.702" endtime="20210519 09:34:21.900"/>
</kw>
<msg timestamp="20210519 09:34:21.969" level="FAIL">Title should have been 'Robot Framework' but was 'O que é a ferramenta Robot Framework e como ela funciona?'.</msg>
<status status="FAIL" starttime="20210519 09:34:21.693" endtime="20210519 09:34:21.970"/>
</kw>
<status status="FAIL" starttime="20210519 09:34:21.692" endtime="20210519 09:34:21.970"/>
</kw>
<kw name="Fechar navegador" library="Resource" type="TEARDOWN">
<kw name="Close Browser" library="SeleniumLibrary">
<doc>Closes the current browser.</doc>
<status status="PASS" starttime="20210519 09:34:21.972" endtime="20210519 09:34:26.977"/>
</kw>
<status status="PASS" starttime="20210519 09:34:21.971" endtime="20210519 09:34:26.978"/>
</kw>
<status status="FAIL" starttime="20210519 09:33:58.556" endtime="20210519 09:34:26.979">Title should have been 'Robot Framework' but was 'O que é a ferramenta Robot Framework e como ela funciona?'.</status>
</test>
<status status="FAIL" starttime="20210519 09:33:57.857" endtime="20210519 09:34:26.985"/>
</suite>
<statistics>
<total>
<stat pass="0" fail="1" skip="0">All Tests</stat>
</total>
<tag>
</tag>
<suite>
<stat pass="0" fail="1" skip="0" id="s1" name="SearchRobot">SearchRobot</stat>
</suite>
</statistics>
<errors>
</errors>
</robot>
